Feb 16, 2011 7:00:12 PM srb.LogData logLine
CONFIG: *****************************************************************
Feb 16, 2011 7:00:12 PM srb.LogData logLine
CONFIG: 		Dark-Knight v0.0.3b
Feb 16, 2011 7:00:12 PM srb.LogData logLine
CONFIG:    Copyright (C) 2009  Suhas Bharadwaj (srbharadwaj@gmail.com)
Feb 16, 2011 7:00:12 PM srb.LogData logLine
CONFIG: *****************************************************************
Feb 16, 2011 7:00:18 PM srb.LogData logLine
INFO: Clicked on Load Game(s)
Feb 16, 2011 7:00:33 PM srb.LogData logLine
INFO: PGN file selected isC:\Users\subharad\Desktop\blk.pgn
Feb 16, 2011 7:00:33 PM srb.LogData logLine
INFO: Processing PGN file number :0
Feb 16, 2011 7:00:33 PM srb.LogData logLine
INFO: Processing PGN file number :1
Feb 16, 2011 7:00:33 PM srb.LogData logLine
INFO: Processing PGN file number :2
Feb 16, 2011 7:00:33 PM srb.LogData logLine
INFO: Processing PGN file number :3
Feb 16, 2011 7:00:33 PM srb.LogData logLine
INFO: Processing PGN file number :4
Feb 16, 2011 7:00:33 PM srb.LogData logLine
INFO: Processing PGN file number :5
